<?xml version="1.0" encoding="UTF-8"?>
<!-- Generated by org.testng.reporters.JUnitReportReporter -->
<testsuite hostname="DESKTOP-HF6IO01" name="com.jtv.qa.TestCases.CreateAccountPageTest" tests="1" failures="0" timestamp="4 Jul 2019 01:21:34 GMT" time="48.065" errors="0">
  <testcase name="letsLogin" time="48.065" classname="com.jtv.qa.TestCases.CreateAccountPageTest"/>
</testsuite> <!-- com.jtv.qa.TestCases.CreateAccountPageTest -->
